<?xml version="1.0" encoding="UTF-8"?>
<!-- Generated by org.testng.reporters.JUnitReportReporter -->
<testsuite hostname="trans-MacBook-Pro.local" failures="0" tests="2" name="fpt.poly.testing.DemoSeleniumGrid" time="10.673" errors="0" timestamp="21 Aug 2019 08:48:02 GMT" skipped="0">
  <testcase classname="fpt.poly.testing.DemoSeleniumGrid" name="googleTitleTest" time="5.485"/>
  <testcase classname="fpt.poly.testing.DemoSeleniumGrid" name="googleTitleTest" time="5.188"/>
</testsuite> <!-- fpt.poly.testing.DemoSeleniumGrid -->
