<?xml version="1.0" encoding="UTF-8"?>
<!-- Generated by org.testng.reporters.JUnitReportReporter -->
<testsuite hostname="AHA-TECH-MB0036.local" failures="0" tests="1" name="fpt.poly.testing.DemoDataDrivenFrameworkinSelenium" time="10.002" errors="0" timestamp="2020-10-09T18:52:39 ICT" skipped="0">
  <testcase classname="fpt.poly.testing.DemoDataDrivenFrameworkinSelenium" name="testSearch" time="10.002"/>
  <system-out/>
</testsuite> <!-- fpt.poly.testing.DemoDataDrivenFrameworkinSelenium -->
