<?xml version="1.0" encoding="UTF-8"?>
<!-- Generated by org.testng.reporters.JUnitReportReporter -->
<testsuite hostname="AHA-TECH-MB0036.local" failures="0" tests="2" name="fpt.poly.testing.StepRunAnnotations" time="0.013" errors="0" timestamp="2020-10-06T11:40:16 ICT" skipped="0">
  <testcase classname="fpt.poly.testing.StepRunAnnotations" name="testOneMethod" time="0.009"/>
  <system-out/>
  <testcase classname="fpt.poly.testing.StepRunAnnotations" name="testTwoMethod" time="0.004"/>
  <system-out/>
</testsuite> <!-- fpt.poly.testing.StepRunAnnotations -->
