<?xml version="1.0" encoding="UTF-8"?>
<!-- Generated by org.testng.reporters.JUnitReportReporter -->
<testsuite hostname="trans-MacBook-Pro.local" failures="0" tests="2" name="fpt.poly.testing.DemoGroup" time="0.012" errors="0" timestamp="05 Aug 2019 07:42:50 GMT" skipped="0">
  <testcase classname="fpt.poly.testing.DemoGroup" name="testMethodTwo" time="0.005"/>
  <testcase classname="fpt.poly.testing.DemoGroup" name="testMethodOne" time="0.007"/>
</testsuite> <!-- fpt.poly.testing.DemoGroup -->
