<?xml version="1.0" encoding="UTF-8"?>
<!-- Generated by org.testng.reporters.JUnitReportReporter -->
<testsuite hostname="trans-MacBook-Pro.local" failures="0" tests="1" name="fpt.poly.testing.DemoKeywordDrivenFrameworkinSelenium" time="0.005" errors="0" timestamp="05 Aug 2019 09:31:09 GMT" skipped="0">
  <testcase classname="fpt.poly.testing.DemoKeywordDrivenFrameworkinSelenium" name="testMethodOne" time="0.005"/>
</testsuite> <!-- fpt.poly.testing.DemoKeywordDrivenFrameworkinSelenium -->
